<?xml version="1.0" encoding="UTF-8"?>
<!-- Generated by org.testng.reporters.JUnitXMLReporter -->
<testsuite ignored="0" hostname="DESKTOP-96PVCBT" failures="1" tests="2" name="UserName_Validations" time="52.041" errors="0" timestamp="2024-08-25T23:05:11 IST">
  <testcase classname="testscenario.LoginValidation" name="testUsernameWith2Characters" time="13.003">
    <failure type="java.lang.AssertionError" message="The username field is not highlighted in red. expected [rgb(255, 0, 0)] but found [rgb(229, 231, 235)]">
      <![CDATA[java.lang.AssertionError: The username field is not highlighted in red. expected [rgb(255, 0, 0)] but found [rgb(229, 231, 235)]
at testscenario.LoginValidation.executeTest(LoginValidation.java:110)
at testscenario.LoginValidation.testUsernameWith2Characters(LoginValidation.java:50)
at java.base/java.util.ArrayList.forEach(ArrayList.java:1540)
... Removed 32 stack frames]]>
    </failure>
  </testcase> <!-- testUsernameWith2Characters -->
  <testcase classname="testscenario.LoginValidation" name="testUsernameWith3Characters" time="5.098"/>
</testsuite> <!-- UserName_Validations -->
